<?xml version="1.0" encoding="UTF-8"?>
<testsuite name="banking.MasterControlTest" tests="9" skipped="0" failures="0" errors="0" timestamp="2023-12-12T02:49:44" hostname="Jeremys-MacBook-Pro.local" time="0.016">
  <properties/>
  <testcase name="sample_make_sure_this_passes_unchanged_or_you_will_fail()" classname="banking.MasterControlTest" time="0.014"/>
  <testcase name="typo_in_create_command_is_invalid()" classname="banking.MasterControlTest" time="0.0"/>
  <testcase name="typo_in_deposit_command_is_invalid()" classname="banking.MasterControlTest" time="0.0"/>
  <testcase name="two_typo_commands_both_invalid()" classname="banking.MasterControlTest" time="0.0"/>
  <testcase name="sample_1()" classname="banking.MasterControlTest" time="0.0"/>
  <testcase name="sample_2()" classname="banking.MasterControlTest" time="0.0"/>
  <testcase name="sample_3()" classname="banking.MasterControlTest" time="0.0"/>
  <testcase name="sample_4()" classname="banking.MasterControlTest" time="0.001"/>
  <testcase name="sample_5()" classname="banking.MasterControlTest" time="0.0"/>
  <system-out><![CDATA[]]></system-out>
  <system-err><![CDATA[]]></system-err>
</testsuite>
