<?xml version="1.0" encoding="UTF-8"?>
<testsuite name="banking.CommandValidatorTest" tests="309" skipped="0" failures="0" errors="0" timestamp="2023-12-12T02:49:44" hostname="Jeremys-MacBook-Pro.local" time="0.064">
  <properties/>
  <testcase name="test_valid_create_account_command_1()" classname="banking.CommandValidatorTest" time="0.002"/>
  <testcase name="test_valid_create_account_command_2()" classname="banking.CommandValidatorTest" time="0.0"/>
  <testcase name="test_valid_create_account_command_3()" classname="banking.CommandValidatorTest" time="0.0"/>
  <testcase name="test_valid_create_account_command_4()" classname="banking.CommandValidatorTest" time="0.001"/>
  <testcase name="test_valid_create_account_command_5()" classname="banking.CommandValidatorTest" time="0.0"/>
  <testcase name="test_valid_create_account_command_6()" classname="banking.CommandValidatorTest" time="0.0"/>
  <testcase name="test_invalid_create_checking_account_command_missing_account_type()" classname="banking.CommandValidatorTest" time="0.001"/>
  <testcase name="test_invalid_create_checking_account_command_missing_command()" classname="banking.CommandValidatorTest" time="0.0"/>
  <testcase name="test_invalid_create_CD_account_command_missing_apr()" classname="banking.CommandValidatorTest" time="0.0"/>
  <testcase name="test_invalid_create_CD_account_command_missing_initial_balance()" classname="banking.CommandValidatorTest" time="0.0"/>
  <testcase name="test_withdraw_command_1()" classname="banking.CommandValidatorTest" time="0.0"/>
  <testcase name="test_withdraw_command_2()" classname="banking.CommandValidatorTest" time="0.0"/>
  <testcase name="test_withdraw_command_3()" classname="banking.CommandValidatorTest" time="0.0"/>
  <testcase name="test_withdraw_command_4()" classname="banking.CommandValidatorTest" time="0.0"/>
  <testcase name="test_withdraw_command_5()" classname="banking.CommandValidatorTest" time="0.0"/>
  <testcase name="test_withdraw_command_6()" classname="banking.CommandValidatorTest" time="0.0"/>
  <testcase name="test_withdraw_command_7()" classname="banking.CommandValidatorTest" time="0.0"/>
  <testcase name="test_withdraw_command_8()" classname="banking.CommandValidatorTest" time="0.0"/>
  <testcase name="test_withdraw_command_9()" classname="banking.CommandValidatorTest" time="0.0"/>
  <testcase name="test_invalid_create_CD_account_command_missing_command()" classname="banking.CommandValidatorTest" time="0.0"/>
  <testcase name="parts_test_2()" classname="banking.CommandValidatorTest" time="0.0"/>
  <testcase name="parts_test_3()" classname="banking.CommandValidatorTest" time="0.0"/>
  <testcase name="test_transfer_command_1()" classname="banking.CommandValidatorTest" time="0.001"/>
  <testcase name="test_transfer_command_2()" classname="banking.CommandValidatorTest" time="0.0"/>
  <testcase name="test_valid_withdraw_command()" classname="banking.CommandValidatorTest" time="0.0"/>
  <testcase name="test_transfer_command_100()" classname="banking.CommandValidatorTest" time="0.001"/>
  <testcase name="test_transfer_command_101()" classname="banking.CommandValidatorTest" time="0.0"/>
  <testcase name="test_transfer_command_102()" classname="banking.CommandValidatorTest" time="0.0"/>
  <testcase name="test_transfer_command_103()" classname="banking.CommandValidatorTest" time="0.0"/>
  <testcase name="test_transfer_command_104()" classname="banking.CommandValidatorTest" time="0.0"/>
  <testcase name="test_transfer_command_105()" classname="banking.CommandValidatorTest" time="0.0"/>
  <testcase name="test_transfer_command_cc1()" classname="banking.CommandValidatorTest" time="0.0"/>
  <testcase name="test_transfer_command_cc2()" classname="banking.CommandValidatorTest" time="0.0"/>
  <testcase name="test_transfer_command_cc3()" classname="banking.CommandValidatorTest" time="0.001"/>
  <testcase name="test_transfer_command_cc4()" classname="banking.CommandValidatorTest" time="0.0"/>
  <testcase name="test_transfer_command_cc5()" classname="banking.CommandValidatorTest" time="0.0"/>
  <testcase name="test_transfer_command_cc6()" classname="banking.CommandValidatorTest" time="0.0"/>
  <testcase name="test_transfer_command_cc7()" classname="banking.CommandValidatorTest" time="0.0"/>
  <testcase name="test_transfer_command_cc8()" classname="banking.CommandValidatorTest" time="0.0"/>
  <testcase name="test_transfer_command_cc9()" classname="banking.CommandValidatorTest" time="0.0"/>
  <testcase name="test_transfer_command_cs1()" classname="banking.CommandValidatorTest" time="0.0"/>
  <testcase name="test_transfer_command_cs2()" classname="banking.CommandValidatorTest" time="0.0"/>
  <testcase name="test_transfer_command_cs3()" classname="banking.CommandValidatorTest" time="0.001"/>
  <testcase name="test_transfer_command_cs4()" classname="banking.CommandValidatorTest" time="0.0"/>
  <testcase name="test_transfer_command_cs5()" classname="banking.CommandValidatorTest" time="0.0"/>
  <testcase name="test_transfer_command_cs6()" classname="banking.CommandValidatorTest" time="0.0"/>
  <testcase name="test_transfer_command_cs7()" classname="banking.CommandValidatorTest" time="0.0"/>
  <testcase name="test_transfer_command_cs8()" classname="banking.CommandValidatorTest" time="0.001"/>
  <testcase name="test_transfer_command_cs9()" classname="banking.CommandValidatorTest" time="0.0"/>
  <testcase name="test_transfer_command_sc1()" classname="banking.CommandValidatorTest" time="0.0"/>
  <testcase name="test_transfer_command_sc2()" classname="banking.CommandValidatorTest" time="0.0"/>
  <testcase name="test_transfer_command_sc3()" classname="banking.CommandValidatorTest" time="0.0"/>
  <testcase name="test_transfer_command_sc4()" classname="banking.CommandValidatorTest" time="0.001"/>
  <testcase name="test_transfer_command_sc5()" classname="banking.CommandValidatorTest" time="0.0"/>
  <testcase name="test_transfer_command_sc6()" classname="banking.CommandValidatorTest" time="0.0"/>
  <testcase name="test_transfer_command_sc7()" classname="banking.CommandValidatorTest" time="0.0"/>
  <testcase name="test_transfer_command_sc8()" classname="banking.CommandValidatorTest" time="0.0"/>
  <testcase name="test_transfer_command_sc9()" classname="banking.CommandValidatorTest" time="0.001"/>
  <testcase name="test_transfer_command_ss1()" classname="banking.CommandValidatorTest" time="0.0"/>
  <testcase name="test_transfer_command_ss2()" classname="banking.CommandValidatorTest" time="0.0"/>
  <testcase name="test_transfer_command_ss3()" classname="banking.CommandValidatorTest" time="0.0"/>
  <testcase name="test_transfer_command_ss4()" classname="banking.CommandValidatorTest" time="0.0"/>
  <testcase name="test_transfer_command_ss5()" classname="banking.CommandValidatorTest" time="0.0"/>
  <testcase name="test_transfer_command_ss6()" classname="banking.CommandValidatorTest" time="0.0"/>
  <testcase name="test_transfer_command_ss7()" classname="banking.CommandValidatorTest" time="0.0"/>
  <testcase name="test_transfer_command_ss8()" classname="banking.CommandValidatorTest" time="0.0"/>
  <testcase name="test_transfer_command_ss9()" classname="banking.CommandValidatorTest" time="0.0"/>
  <testcase name="test_deposit_command_1()" classname="banking.CommandValidatorTest" time="0.001"/>
  <testcase name="test_deposit_command_2()" classname="banking.CommandValidatorTest" time="0.0"/>
  <testcase name="test_deposit_command_3()" classname="banking.CommandValidatorTest" time="0.0"/>
  <testcase name="test_deposit_command_4()" classname="banking.CommandValidatorTest" time="0.001"/>
  <testcase name="test_deposit_command_5()" classname="banking.CommandValidatorTest" time="0.0"/>
  <testcase name="test_deposit_command_6()" classname="banking.CommandValidatorTest" time="0.0"/>
  <testcase name="test_deposit_command_7()" classname="banking.CommandValidatorTest" time="0.0"/>
  <testcase name="test_deposit_command_8()" classname="banking.CommandValidatorTest" time="0.001"/>
  <testcase name="test_deposit_command_9()" classname="banking.CommandValidatorTest" time="0.0"/>
  <testcase name="test_valid_create_account_command_13()" classname="banking.CommandValidatorTest" time="0.0"/>
  <testcase name="test_valid_create_account_command_19()" classname="banking.CommandValidatorTest" time="0.001"/>
  <testcase name="test_valid_create_account_command_20()" classname="banking.CommandValidatorTest" time="0.0"/>
  <testcase name="test_valid_create_account_command_21()" classname="banking.CommandValidatorTest" time="0.0"/>
  <testcase name="test_valid_create_account_command_22()" classname="banking.CommandValidatorTest" time="0.0"/>
  <testcase name="test_valid_create_account_command_51()" classname="banking.CommandValidatorTest" time="0.001"/>
  <testcase name="test_valid_create_account_command_52()" classname="banking.CommandValidatorTest" time="0.0"/>
  <testcase name="test_valid_create_account_command_54()" classname="banking.CommandValidatorTest" time="0.0"/>
  <testcase name="test_valid_create_account_command_max_boundary_1()" classname="banking.CommandValidatorTest" time="0.0"/>
  <testcase name="test_valid_create_account_command_max_boundary_2()" classname="banking.CommandValidatorTest" time="0.0"/>
  <testcase name="test_invalid_create_account_command_7()" classname="banking.CommandValidatorTest" time="0.0"/>
  <testcase name="test_invalid_create_account_command_8()" classname="banking.CommandValidatorTest" time="0.0"/>
  <testcase name="test_invalid_create_account_command_9()" classname="banking.CommandValidatorTest" time="0.0"/>
  <testcase name="test_withdraw_command_10()" classname="banking.CommandValidatorTest" time="0.0"/>
  <testcase name="test_withdraw_command_11()" classname="banking.CommandValidatorTest" time="0.0"/>
  <testcase name="test_withdraw_command_12()" classname="banking.CommandValidatorTest" time="0.0"/>
  <testcase name="test_withdraw_command_13()" classname="banking.CommandValidatorTest" time="0.0"/>
  <testcase name="test_withdraw_command_14()" classname="banking.CommandValidatorTest" time="0.0"/>
  <testcase name="test_withdraw_command_15()" classname="banking.CommandValidatorTest" time="0.0"/>
  <testcase name="test_withdraw_command_16()" classname="banking.CommandValidatorTest" time="0.0"/>
  <testcase name="test_withdraw_command_17()" classname="banking.CommandValidatorTest" time="0.0"/>
  <testcase name="test_withdraw_command_18()" classname="banking.CommandValidatorTest" time="0.0"/>
  <testcase name="test_withdraw_command_19()" classname="banking.CommandValidatorTest" time="0.0"/>
  <testcase name="test_withdraw_command_20()" classname="banking.CommandValidatorTest" time="0.0"/>
  <testcase name="test_withdraw_command_21()" classname="banking.CommandValidatorTest" time="0.0"/>
  <testcase name="test_withdraw_command_22()" classname="banking.CommandValidatorTest" time="0.0"/>
  <testcase name="test_withdraw_command_23()" classname="banking.CommandValidatorTest" time="0.0"/>
  <testcase name="test_withdraw_command_24()" classname="banking.CommandValidatorTest" time="0.0"/>
  <testcase name="test_withdraw_command_25()" classname="banking.CommandValidatorTest" time="0.0"/>
  <testcase name="test_withdraw_command_26()" classname="banking.CommandValidatorTest" time="0.0"/>
  <testcase name="test_withdraw_command_27()" classname="banking.CommandValidatorTest" time="0.001"/>
  <testcase name="test_withdraw_command_28()" classname="banking.CommandValidatorTest" time="0.0"/>
  <testcase name="test_withdraw_command_29()" classname="banking.CommandValidatorTest" time="0.0"/>
  <testcase name="test_withdraw_command_30()" classname="banking.CommandValidatorTest" time="0.0"/>
  <testcase name="test_withdraw_command_31()" classname="banking.CommandValidatorTest" time="0.0"/>
  <testcase name="test_withdraw_command_32()" classname="banking.CommandValidatorTest" time="0.001"/>
  <testcase name="test_withdraw_command_33()" classname="banking.CommandValidatorTest" time="0.0"/>
  <testcase name="test_withdraw_command_34()" classname="banking.CommandValidatorTest" time="0.0"/>
  <testcase name="test_withdraw_command_35()" classname="banking.CommandValidatorTest" time="0.0"/>
  <testcase name="test_withdraw_command_36()" classname="banking.CommandValidatorTest" time="0.0"/>
  <testcase name="test_withdraw_command_37()" classname="banking.CommandValidatorTest" time="0.0"/>
  <testcase name="test_withdraw_command_38()" classname="banking.CommandValidatorTest" time="0.0"/>
  <testcase name="test_withdraw_command_39()" classname="banking.CommandValidatorTest" time="0.0"/>
  <testcase name="test_withdraw_command_40()" classname="banking.CommandValidatorTest" time="0.0"/>
  <testcase name="test_withdraw_command_41()" classname="banking.CommandValidatorTest" time="0.0"/>
  <testcase name="test_withdraw_command_42()" classname="banking.CommandValidatorTest" time="0.0"/>
  <testcase name="test_withdraw_command_43()" classname="banking.CommandValidatorTest" time="0.0"/>
  <testcase name="test_withdraw_command_44()" classname="banking.CommandValidatorTest" time="0.0"/>
  <testcase name="test_withdraw_command_45()" classname="banking.CommandValidatorTest" time="0.0"/>
  <testcase name="test_withdraw_command_46()" classname="banking.CommandValidatorTest" time="0.0"/>
  <testcase name="test_withdraw_command_47()" classname="banking.CommandValidatorTest" time="0.0"/>
  <testcase name="test_withdraw_command_48()" classname="banking.CommandValidatorTest" time="0.0"/>
  <testcase name="test_withdraw_command_49()" classname="banking.CommandValidatorTest" time="0.0"/>
  <testcase name="test_withdraw_command_50()" classname="banking.CommandValidatorTest" time="0.0"/>
  <testcase name="test_withdraw_command_51()" classname="banking.CommandValidatorTest" time="0.0"/>
  <testcase name="test_withdraw_command_52()" classname="banking.CommandValidatorTest" time="0.0"/>
  <testcase name="test_withdraw_command_53()" classname="banking.CommandValidatorTest" time="0.0"/>
  <testcase name="test_withdraw_command_54()" classname="banking.CommandValidatorTest" time="0.0"/>
  <testcase name="test_withdraw_command_55()" classname="banking.CommandValidatorTest" time="0.0"/>
  <testcase name="test_withdraw_command_56()" classname="banking.CommandValidatorTest" time="0.0"/>
  <testcase name="test_withdraw_command_57()" classname="banking.CommandValidatorTest" time="0.0"/>
  <testcase name="test_withdraw_command_58()" classname="banking.CommandValidatorTest" time="0.0"/>
  <testcase name="test_withdraw_command_59()" classname="banking.CommandValidatorTest" time="0.001"/>
  <testcase name="test_withdraw_command_60()" classname="banking.CommandValidatorTest" time="0.0"/>
  <testcase name="test_withdraw_command_61()" classname="banking.CommandValidatorTest" time="0.0"/>
  <testcase name="test_withdraw_command_62()" classname="banking.CommandValidatorTest" time="0.0"/>
  <testcase name="test_withdraw_command_63()" classname="banking.CommandValidatorTest" time="0.0"/>
  <testcase name="test_withdraw_command_64()" classname="banking.CommandValidatorTest" time="0.0"/>
  <testcase name="test_withdraw_command_65()" classname="banking.CommandValidatorTest" time="0.0"/>
  <testcase name="test_withdraw_command_66()" classname="banking.CommandValidatorTest" time="0.0"/>
  <testcase name="test_withdraw_command_67()" classname="banking.CommandValidatorTest" time="0.0"/>
  <testcase name="test_withdraw_command_68()" classname="banking.CommandValidatorTest" time="0.0"/>
  <testcase name="test_withdraw_command_69()" classname="banking.CommandValidatorTest" time="0.0"/>
  <testcase name="test_withdraw_command_70()" classname="banking.CommandValidatorTest" time="0.0"/>
  <testcase name="test_withdraw_command_71()" classname="banking.CommandValidatorTest" time="0.0"/>
  <testcase name="test_withdraw_command_72()" classname="banking.CommandValidatorTest" time="0.0"/>
  <testcase name="test_withdraw_command_73()" classname="banking.CommandValidatorTest" time="0.0"/>
  <testcase name="test_withdraw_command_74()" classname="banking.CommandValidatorTest" time="0.001"/>
  <testcase name="test_withdraw_command_75()" classname="banking.CommandValidatorTest" time="0.0"/>
  <testcase name="test_withdraw_command_pt()" classname="banking.CommandValidatorTest" time="0.0"/>
  <testcase name="test_invalid_create_CD_account_command_missing_account_type()" classname="banking.CommandValidatorTest" time="0.0"/>
  <testcase name="parts_test()" classname="banking.CommandValidatorTest" time="0.0"/>
  <testcase name="test_transfer_command_cc10()" classname="banking.CommandValidatorTest" time="0.0"/>
  <testcase name="test_transfer_command_cc11()" classname="banking.CommandValidatorTest" time="0.0"/>
  <testcase name="test_transfer_command_cc12()" classname="banking.CommandValidatorTest" time="0.0"/>
  <testcase name="test_transfer_command_cc13()" classname="banking.CommandValidatorTest" time="0.0"/>
  <testcase name="test_transfer_command_cc14()" classname="banking.CommandValidatorTest" time="0.0"/>
  <testcase name="test_transfer_command_cc15()" classname="banking.CommandValidatorTest" time="0.0"/>
  <testcase name="test_transfer_command_cc16()" classname="banking.CommandValidatorTest" time="0.0"/>
  <testcase name="test_transfer_command_cc17()" classname="banking.CommandValidatorTest" time="0.0"/>
  <testcase name="test_transfer_command_cc18()" classname="banking.CommandValidatorTest" time="0.0"/>
  <testcase name="test_transfer_command_cc19()" classname="banking.CommandValidatorTest" time="0.0"/>
  <testcase name="test_transfer_command_cc20()" classname="banking.CommandValidatorTest" time="0.001"/>
  <testcase name="test_transfer_command_cc21()" classname="banking.CommandValidatorTest" time="0.0"/>
  <testcase name="test_transfer_command_cc22()" classname="banking.CommandValidatorTest" time="0.0"/>
  <testcase name="test_transfer_command_cc23()" classname="banking.CommandValidatorTest" time="0.0"/>
  <testcase name="test_transfer_command_cc24()" classname="banking.CommandValidatorTest" time="0.0"/>
  <testcase name="test_transfer_command_cc25()" classname="banking.CommandValidatorTest" time="0.0"/>
  <testcase name="test_transfer_command_cc26()" classname="banking.CommandValidatorTest" time="0.0"/>
  <testcase name="test_transfer_command_cc27()" classname="banking.CommandValidatorTest" time="0.0"/>
  <testcase name="test_transfer_command_cs10()" classname="banking.CommandValidatorTest" time="0.0"/>
  <testcase name="test_transfer_command_cs11()" classname="banking.CommandValidatorTest" time="0.0"/>
  <testcase name="test_transfer_command_cs12()" classname="banking.CommandValidatorTest" time="0.0"/>
  <testcase name="test_transfer_command_cs13()" classname="banking.CommandValidatorTest" time="0.001"/>
  <testcase name="test_transfer_command_cs14()" classname="banking.CommandValidatorTest" time="0.0"/>
  <testcase name="test_transfer_command_cs15()" classname="banking.CommandValidatorTest" time="0.0"/>
  <testcase name="test_transfer_command_cs16()" classname="banking.CommandValidatorTest" time="0.0"/>
  <testcase name="test_transfer_command_cs17()" classname="banking.CommandValidatorTest" time="0.0"/>
  <testcase name="test_transfer_command_cs18()" classname="banking.CommandValidatorTest" time="0.0"/>
  <testcase name="test_transfer_command_cs19()" classname="banking.CommandValidatorTest" time="0.0"/>
  <testcase name="test_transfer_command_cs20()" classname="banking.CommandValidatorTest" time="0.0"/>
  <testcase name="test_transfer_command_cs21()" classname="banking.CommandValidatorTest" time="0.0"/>
  <testcase name="test_transfer_command_cs22()" classname="banking.CommandValidatorTest" time="0.0"/>
  <testcase name="test_transfer_command_cs23()" classname="banking.CommandValidatorTest" time="0.0"/>
  <testcase name="test_transfer_command_cs24()" classname="banking.CommandValidatorTest" time="0.0"/>
  <testcase name="test_transfer_command_cs25()" classname="banking.CommandValidatorTest" time="0.0"/>
  <testcase name="test_transfer_command_cs26()" classname="banking.CommandValidatorTest" time="0.0"/>
  <testcase name="test_transfer_command_cs27()" classname="banking.CommandValidatorTest" time="0.0"/>
  <testcase name="test_transfer_command_sc10()" classname="banking.CommandValidatorTest" time="0.001"/>
  <testcase name="test_transfer_command_sc11()" classname="banking.CommandValidatorTest" time="0.0"/>
  <testcase name="test_transfer_command_sc12()" classname="banking.CommandValidatorTest" time="0.0"/>
  <testcase name="test_transfer_command_sc13()" classname="banking.CommandValidatorTest" time="0.0"/>
  <testcase name="test_transfer_command_sc14()" classname="banking.CommandValidatorTest" time="0.001"/>
  <testcase name="test_transfer_command_sc15()" classname="banking.CommandValidatorTest" time="0.0"/>
  <testcase name="test_transfer_command_sc16()" classname="banking.CommandValidatorTest" time="0.0"/>
  <testcase name="test_transfer_command_sc17()" classname="banking.CommandValidatorTest" time="0.0"/>
  <testcase name="test_transfer_command_sc18()" classname="banking.CommandValidatorTest" time="0.0"/>
  <testcase name="test_transfer_command_sc19()" classname="banking.CommandValidatorTest" time="0.001"/>
  <testcase name="test_transfer_command_sc20()" classname="banking.CommandValidatorTest" time="0.0"/>
  <testcase name="test_transfer_command_sc21()" classname="banking.CommandValidatorTest" time="0.0"/>
  <testcase name="test_transfer_command_sc22()" classname="banking.CommandValidatorTest" time="0.0"/>
  <testcase name="test_transfer_command_sc23()" classname="banking.CommandValidatorTest" time="0.0"/>
  <testcase name="test_transfer_command_sc24()" classname="banking.CommandValidatorTest" time="0.0"/>
  <testcase name="test_transfer_command_sc25()" classname="banking.CommandValidatorTest" time="0.001"/>
  <testcase name="test_transfer_command_sc26()" classname="banking.CommandValidatorTest" time="0.0"/>
  <testcase name="test_transfer_command_sc27()" classname="banking.CommandValidatorTest" time="0.0"/>
  <testcase name="test_transfer_command_ss10()" classname="banking.CommandValidatorTest" time="0.0"/>
  <testcase name="test_transfer_command_ss11()" classname="banking.CommandValidatorTest" time="0.0"/>
  <testcase name="test_transfer_command_ss12()" classname="banking.CommandValidatorTest" time="0.0"/>
  <testcase name="test_transfer_command_ss13()" classname="banking.CommandValidatorTest" time="0.001"/>
  <testcase name="test_transfer_command_ss14()" classname="banking.CommandValidatorTest" time="0.0"/>
  <testcase name="test_transfer_command_ss15()" classname="banking.CommandValidatorTest" time="0.0"/>
  <testcase name="test_transfer_command_ss16()" classname="banking.CommandValidatorTest" time="0.0"/>
  <testcase name="test_transfer_command_ss17()" classname="banking.CommandValidatorTest" time="0.0"/>
  <testcase name="test_transfer_command_ss18()" classname="banking.CommandValidatorTest" time="0.0"/>
  <testcase name="test_transfer_command_ss19()" classname="banking.CommandValidatorTest" time="0.0"/>
  <testcase name="test_transfer_command_ss20()" classname="banking.CommandValidatorTest" time="0.0"/>
  <testcase name="test_transfer_command_ss21()" classname="banking.CommandValidatorTest" time="0.0"/>
  <testcase name="test_transfer_command_ss22()" classname="banking.CommandValidatorTest" time="0.0"/>
  <testcase name="test_transfer_command_ss23()" classname="banking.CommandValidatorTest" time="0.0"/>
  <testcase name="test_transfer_command_ss24()" classname="banking.CommandValidatorTest" time="0.0"/>
  <testcase name="test_transfer_command_ss25()" classname="banking.CommandValidatorTest" time="0.001"/>
  <testcase name="test_transfer_command_ss26()" classname="banking.CommandValidatorTest" time="0.0"/>
  <testcase name="test_transfer_command_ss27()" classname="banking.CommandValidatorTest" time="0.0"/>
  <testcase name="test_transfer_command_99()" classname="banking.CommandValidatorTest" time="0.0"/>
  <testcase name="test_deposit_command_10()" classname="banking.CommandValidatorTest" time="0.0"/>
  <testcase name="test_deposit_command_11()" classname="banking.CommandValidatorTest" time="0.0"/>
  <testcase name="test_deposit_command_12()" classname="banking.CommandValidatorTest" time="0.0"/>
  <testcase name="test_deposit_command_13()" classname="banking.CommandValidatorTest" time="0.0"/>
  <testcase name="test_deposit_command_14()" classname="banking.CommandValidatorTest" time="0.0"/>
  <testcase name="test_deposit_command_15()" classname="banking.CommandValidatorTest" time="0.0"/>
  <testcase name="test_deposit_command_16()" classname="banking.CommandValidatorTest" time="0.0"/>
  <testcase name="test_deposit_command_17()" classname="banking.CommandValidatorTest" time="0.0"/>
  <testcase name="test_deposit_command_18()" classname="banking.CommandValidatorTest" time="0.0"/>
  <testcase name="test_deposit_command_19()" classname="banking.CommandValidatorTest" time="0.0"/>
  <testcase name="test_deposit_command_20()" classname="banking.CommandValidatorTest" time="0.0"/>
  <testcase name="test_deposit_command_21()" classname="banking.CommandValidatorTest" time="0.0"/>
  <testcase name="test_deposit_command_22()" classname="banking.CommandValidatorTest" time="0.0"/>
  <testcase name="test_deposit_command_23()" classname="banking.CommandValidatorTest" time="0.0"/>
  <testcase name="test_deposit_command_24()" classname="banking.CommandValidatorTest" time="0.001"/>
  <testcase name="test_deposit_command_25()" classname="banking.CommandValidatorTest" time="0.0"/>
  <testcase name="test_deposit_command_26()" classname="banking.CommandValidatorTest" time="0.0"/>
  <testcase name="test_deposit_command_27()" classname="banking.CommandValidatorTest" time="0.0"/>
  <testcase name="test_deposit_command_28()" classname="banking.CommandValidatorTest" time="0.0"/>
  <testcase name="test_deposit_command_29()" classname="banking.CommandValidatorTest" time="0.0"/>
  <testcase name="test_deposit_command_30()" classname="banking.CommandValidatorTest" time="0.0"/>
  <testcase name="test_deposit_command_31()" classname="banking.CommandValidatorTest" time="0.0"/>
  <testcase name="test_deposit_command_32()" classname="banking.CommandValidatorTest" time="0.0"/>
  <testcase name="test_deposit_command_33()" classname="banking.CommandValidatorTest" time="0.0"/>
  <testcase name="test_deposit_command_34()" classname="banking.CommandValidatorTest" time="0.0"/>
  <testcase name="test_deposit_command_35()" classname="banking.CommandValidatorTest" time="0.0"/>
  <testcase name="test_deposit_command_36()" classname="banking.CommandValidatorTest" time="0.0"/>
  <testcase name="test_deposit_command_37()" classname="banking.CommandValidatorTest" time="0.0"/>
  <testcase name="test_deposit_command_38()" classname="banking.CommandValidatorTest" time="0.0"/>
  <testcase name="test_deposit_command_39()" classname="banking.CommandValidatorTest" time="0.0"/>
  <testcase name="test_deposit_command_40()" classname="banking.CommandValidatorTest" time="0.0"/>
  <testcase name="test_deposit_command_41()" classname="banking.CommandValidatorTest" time="0.0"/>
  <testcase name="test_deposit_command_42()" classname="banking.CommandValidatorTest" time="0.0"/>
  <testcase name="test_deposit_command_43()" classname="banking.CommandValidatorTest" time="0.0"/>
  <testcase name="test_deposit_command_44()" classname="banking.CommandValidatorTest" time="0.001"/>
  <testcase name="test_deposit_command_45()" classname="banking.CommandValidatorTest" time="0.0"/>
  <testcase name="test_deposit_command_46()" classname="banking.CommandValidatorTest" time="0.0"/>
  <testcase name="test_deposit_command_47()" classname="banking.CommandValidatorTest" time="0.0"/>
  <testcase name="test_deposit_command_48()" classname="banking.CommandValidatorTest" time="0.0"/>
  <testcase name="test_deposit_command_49()" classname="banking.CommandValidatorTest" time="0.0"/>
  <testcase name="test_deposit_command_50()" classname="banking.CommandValidatorTest" time="0.0"/>
  <testcase name="test_deposit_command_51()" classname="banking.CommandValidatorTest" time="0.001"/>
  <testcase name="test_deposit_command_52()" classname="banking.CommandValidatorTest" time="0.0"/>
  <testcase name="test_deposit_command_53()" classname="banking.CommandValidatorTest" time="0.0"/>
  <testcase name="test_CD_deposit_command()" classname="banking.CommandValidatorTest" time="0.0"/>
  <testcase name="test_invalid_create_account_command_10()" classname="banking.CommandValidatorTest" time="0.0"/>
  <testcase name="test_invalid_create_account_command_11()" classname="banking.CommandValidatorTest" time="0.0"/>
  <testcase name="test_invalid_create_account_command_12()" classname="banking.CommandValidatorTest" time="0.0"/>
  <testcase name="test_invalid_create_account_command_14()" classname="banking.CommandValidatorTest" time="0.0"/>
  <testcase name="test_invalid_create_account_command_15()" classname="banking.CommandValidatorTest" time="0.0"/>
  <testcase name="test_invalid_create_account_command_16()" classname="banking.CommandValidatorTest" time="0.0"/>
  <testcase name="test_invalid_create_account_command_17()" classname="banking.CommandValidatorTest" time="0.0"/>
  <testcase name="test_invalid_create_account_command_18()" classname="banking.CommandValidatorTest" time="0.0"/>
  <testcase name="test_invalid_create_account_command_48()" classname="banking.CommandValidatorTest" time="0.0"/>
  <testcase name="test_invalid_create_account_command_49()" classname="banking.CommandValidatorTest" time="0.0"/>
  <testcase name="test_invalid_create_account_command_50()" classname="banking.CommandValidatorTest" time="0.0"/>
  <testcase name="test_invalid_create_account_command_53()" classname="banking.CommandValidatorTest" time="0.0"/>
  <testcase name="test_invalid_create_account_command_55()" classname="banking.CommandValidatorTest" time="0.0"/>
  <testcase name="test_invalid_create_account_command_56()" classname="banking.CommandValidatorTest" time="0.0"/>
  <testcase name="test_invalid_create_account_command_57()" classname="banking.CommandValidatorTest" time="0.0"/>
  <testcase name="test_pass_time_command_10()" classname="banking.CommandValidatorTest" time="0.0"/>
  <testcase name="test_pass_time_command_11()" classname="banking.CommandValidatorTest" time="0.0"/>
  <testcase name="test_pass_time_command_12()" classname="banking.CommandValidatorTest" time="0.0"/>
  <testcase name="test_invalid_create_account_command_max_boundary_3()" classname="banking.CommandValidatorTest" time="0.0"/>
  <testcase name="test_invalid_create_checking_account_command_missing_id()" classname="banking.CommandValidatorTest" time="0.0"/>
  <testcase name="test_valid_withdraw_command_2()" classname="banking.CommandValidatorTest" time="0.0"/>
  <testcase name="test_invalid_create_account_command_min_boundary_1()" classname="banking.CommandValidatorTest" time="0.0"/>
  <testcase name="test_pass_time_command_1()" classname="banking.CommandValidatorTest" time="0.0"/>
  <testcase name="test_pass_time_command_2()" classname="banking.CommandValidatorTest" time="0.0"/>
  <testcase name="test_pass_time_command_3()" classname="banking.CommandValidatorTest" time="0.0"/>
  <testcase name="test_pass_time_command_4()" classname="banking.CommandValidatorTest" time="0.0"/>
  <testcase name="test_pass_time_command_5()" classname="banking.CommandValidatorTest" time="0.0"/>
  <testcase name="test_pass_time_command_6()" classname="banking.CommandValidatorTest" time="0.0"/>
  <testcase name="test_pass_time_command_7()" classname="banking.CommandValidatorTest" time="0.0"/>
  <testcase name="test_pass_time_command_8()" classname="banking.CommandValidatorTest" time="0.0"/>
  <testcase name="test_pass_time_command_9()" classname="banking.CommandValidatorTest" time="0.0"/>
  <testcase name="test_invalid_create_CD_account_command_missing_id()" classname="banking.CommandValidatorTest" time="0.0"/>
  <testcase name="test_invalid_create_checking_account_command_missing_apr()" classname="banking.CommandValidatorTest" time="0.0"/>
  <system-out><![CDATA[]]></system-out>
  <system-err><![CDATA[]]></system-err>
</testsuite>
