<?xml version="1.0" encoding="UTF-8"?>
<testsuite name="banking.CDAccountTest" tests="2" skipped="0" failures="0" errors="0" timestamp="2023-12-12T02:49:44" hostname="Jeremys-MacBook-Pro.local" time="0.0">
  <properties/>
  <testcase name="deposit_does_not_change_a_CD_account()" classname="banking.CDAccountTest" time="0.0"/>
  <testcase name="initialize_balance_in_CD_account()" classname="banking.CDAccountTest" time="0.0"/>
  <system-out><![CDATA[]]></system-out>
  <system-err><![CDATA[]]></system-err>
</testsuite>
